<?xml version="1.0" encoding="UTF-8"?>
<!-- Generated by org.testng.reporters.JUnitReportReporter -->
<testsuite skipped="0" hostname="codas-MacBook-Pro-8.local" name="com.wpa.testcases.Registration" tests="2" failures="0" timestamp="2020-05-24T15:57:36 IST" time="37.504" errors="0">
  <testcase name="Register" time="9.064" classname="com.wpa.testcases.Registration"/>
  <system-out>
Registration successful  </system-out>
  <testcase name="adminApproval" time="28.440" classname="com.wpa.testcases.Registration"/>
  <system-out>
Admin has successfully Approved  </system-out>
</testsuite> <!-- com.wpa.testcases.Registration -->
