<?xml version="1.0" encoding="UTF-8"?>
<!-- Generated by org.testng.reporters.JUnitReportReporter -->
<testsuite skipped="0" hostname="codas-MBP-8.local.lan" name="com.wpa.testcases.AddCustomerTest" tests="1" failures="0" timestamp="2020-05-21T14:47:43 IST" time="0.001" errors="0">
  <testcase name="addCustomer" time="0.001" classname="com.wpa.testcases.AddCustomerTest"/>
  <system-out/>
</testsuite> <!-- com.wpa.testcases.AddCustomerTest -->
